time="2023-01-05T15:35:00+06:00" level=info msg="SQL ERROR Massage: syntax error at or near \"(\" Detail:  Where:  Code: 42601 SQLSelect: 42601" func="github.com/Bukhashov/filechain/internal/handler/folder.(*storage).Create()" file="storage.go:35"
time="2023-01-05T15:36:59+06:00" level=info msg="SQL ERROR Massage: syntax error at or near \"(\" Detail:  Where:  Code: 42601 SQLSelect: 42601" func="github.com/Bukhashov/filechain/internal/handler/folder.(*storage).Create()" file="storage.go:35"
time="2023-01-05T16:07:18+06:00" level=info msg="SQL ERROR Massage: INSERT has more expressions than target columns Detail:  Where:  Code: 42601 SQLSelect: 42601" func="github.com/Bukhashov/filechain/internal/handler/folder.(*storage).Create()" file="storage.go:35"
time="2023-01-05T16:12:46+06:00" level=info msg="SQL ERROR Massage: invalid byte sequence for encoding \"UTF8\": 0x00 Detail:  Where: unnamed portal parameter $4 Code: 22021 SQLSelect: 22021" func="github.com/Bukhashov/filechain/internal/handler/folder.(*storage).Create()" file="storage.go:35"
time="2023-01-05T16:19:04+06:00" level=info msg="SQL ERROR Massage: column \"b$4\" does not exist Detail:  Where:  Code: 42703 SQLSelect: 42703" func="github.com/Bukhashov/filechain/internal/handler/folder.(*storage).Create()" file="storage.go:35"
time="2023-01-05T16:19:29+06:00" level=info msg="SQL ERROR Massage: \"$\" is not a valid binary digit Detail:  Where:  Code: 22P02 SQLSelect: 22P02" func="github.com/Bukhashov/filechain/internal/handler/folder.(*storage).Create()" file="storage.go:35"
time="2023-01-05T21:50:20+06:00" level=info msg="SQL ERROR Massage: INSERT has more target columns than expressions Detail:  Where:  Code: 42601 SQLSelect: 42601" func="github.com/Bukhashov/filechain/internal/storage.(*folderStorage).Create()" file="folder.go:38"
time="2023-01-09T15:07:44+06:00" level=info msg="open ./assets/file/tmp/pdf-test.pdf: no such file or directory" func="github.com/Bukhashov/filechain/internal/handler/file.(*filechain).Add()" file="add.go:225"
time="2023-01-09T15:09:10+06:00" level=info msg="open ./assets/file/tmp/pdf-test.pdf: no such file or directory" func="github.com/Bukhashov/filechain/internal/handler/file.(*filechain).Add()" file="add.go:225"
time="2023-01-09T15:09:59+06:00" level=info msg="open ./assets/file/tmp/pdf-test.pdf: no such file or directory" func="github.com/Bukhashov/filechain/internal/handler/file.(*filechain).Add()" file="add.go:225"
time="2023-01-09T15:10:57+06:00" level=info msg="open ./assets/file/tmp/pdf-test.pdf: no such file or directory" func="github.com/Bukhashov/filechain/internal/handler/file.(*filechain).Add()" file="add.go:225"
time="2023-01-09T15:16:28+06:00" level=info msg="open ./assets/file/tmp/pdf-test.pdf: no such file or directory" func="github.com/Bukhashov/filechain/internal/handler/file.(*filechain).Add()" file="add.go:225"
time="2023-01-09T15:39:41+06:00" level=info msg="open ./assets/file/tmp/pdf-test.pdf: no such file or directory" func="github.com/Bukhashov/filechain/internal/handler/file.(*filechain).Add()" file="add.go:225"
time="2023-01-09T15:43:52+06:00" level=info msg="open ./assets/file/tmp/pdf-test.pdf: no such file or directory" func="github.com/Bukhashov/filechain/internal/handler/file.(*filechain).Add()" file="add.go:225"
time="2023-01-09T15:49:06+06:00" level=info msg="open ./assets/file/tmp/pdf-test.pdf: no such file or directory" func="github.com/Bukhashov/filechain/internal/handler/file.(*filechain).Add()" file="add.go:225"
time="2023-01-09T17:30:20+06:00" level=info msg="rpc error: code = Unavailable desc = connection error: desc = \"transport: Error while dialing dial tcp :5050: connect: connection refused\"" func="github.com/Bukhashov/filechain/internal/handler/user.(*user).Singin()" file="singin.go:134"
time="2023-01-09T17:30:38+06:00" level=info msg="rpc error: code = Unavailable desc = connection error: desc = \"transport: Error while dialing dial tcp :5050: connect: connection refused\"" func="github.com/Bukhashov/filechain/internal/handler/user.(*user).Singin()" file="singin.go:134"
time="2023-01-09T20:19:51+06:00" level=info msg="Telegram bot api start" func="main.main()" file="bot.go:18"
time="2023-01-09T20:26:19+06:00" level=info msg="Telegram bot api start" func="main.main()" file="bot.go:18"
time="2023-01-09T20:38:52+06:00" level=info msg="Telegram bot api start" func="main.main()" file="bot.go:21"
time="2023-01-09T20:41:56+06:00" level=info msg="Telegram bot api start" func="main.main()" file="bot.go:21"
time="2023-01-09T20:52:04+06:00" level=info msg="Telegram bot api start" func="main.main()" file="bot.go:19"
time="2023-01-09T20:52:18+06:00" level=info msg="Telegram bot api start" func="main.main()" file="bot.go:19"
time="2023-01-09T20:52:45+06:00" level=info msg="Telegram bot api start" func="main.main()" file="bot.go:19"
time="2023-01-09T20:53:30+06:00" level=info msg="Telegram bot api start" func="main.main()" file="bot.go:19"
time="2023-01-09T20:54:15+06:00" level=info msg="Telegram bot api start" func="main.main()" file="bot.go:19"
time="2023-01-09T20:54:42+06:00" level=info msg="Bad Request: message text is empty" func="main.main()" file="bot.go:48"
time="2023-01-09T20:54:43+06:00" level=info msg="Bad Request: message text is empty" func="main.main()" file="bot.go:48"
time="2023-01-09T20:56:29+06:00" level=info msg="Telegram bot api start" func="main.main()" file="bot.go:19"
time="2023-01-09T20:56:31+06:00" level=info msg="Bad Request: message text is empty" func="main.main()" file="bot.go:48"
time="2023-01-09T20:58:02+06:00" level=info msg="Bad Request: message text is empty" func="main.main()" file="bot.go:48"
